<?xml version="1.0" encoding="UTF-8"?>
<!-- Generated by org.testng.reporters.JUnitReportReporter -->
<testsuite hostname="LTIN487222" failures="0" tests="2" name="testCases.TC_002_OneCognizantPage" time="0.238" errors="0" timestamp="2024-04-02T15:13:51 IST" skipped="0">
  <testcase classname="testCases.TC_002_OneCognizantPage" name="navigateToOneC" time="0.117"/>
  <testcase classname="testCases.TC_002_OneCognizantPage" name="navigateToOneC" time="0.121"/>
</testsuite> <!-- testCases.TC_002_OneCognizantPage -->
