<?xml version="1.0" encoding="UTF-8"?>
<!-- Generated by org.testng.reporters.JUnitReportReporter -->
<testsuite hostname="LTIN487222" failures="0" tests="2" name="testCases.TC_003_InputBox" time="4.585" errors="0" timestamp="2024-04-01T08:58:42 IST" skipped="0">
  <testcase classname="testCases.TC_003_InputBox" name="enterInput" time="2.294"/>
  <testcase classname="testCases.TC_003_InputBox" name="enterInput" time="2.291"/>
</testsuite> <!-- testCases.TC_003_InputBox -->
