<?xml version="1.0" encoding="UTF-8"?>
<!-- Generated by org.testng.reporters.JUnitReportReporter -->
<testsuite hostname="LTIN487222" failures="0" tests="2" name="testCases.TC_007_VerifyMonthAndYear" time="0.112" errors="0" timestamp="2024-04-01T08:58:42 IST" skipped="0">
  <testcase classname="testCases.TC_007_VerifyMonthAndYear" name="verifyPresentMonYear" time="0.044"/>
  <testcase classname="testCases.TC_007_VerifyMonthAndYear" name="verifyPresentMonYear" time="0.068"/>
</testsuite> <!-- testCases.TC_007_VerifyMonthAndYear -->
