<?xml version="1.0" encoding="UTF-8"?>
<!-- Generated by org.testng.reporters.JUnitReportReporter -->
<testsuite hostname="LTIN487222" failures="0" tests="2" name="testCases.TC_001_UserInfoTest" time="38.891" errors="0" timestamp="2024-04-01T08:58:42 IST" skipped="0">
  <testcase classname="testCases.TC_001_UserInfoTest" name="verifyUserInfoDisplay" time="17.183"/>
  <testcase classname="testCases.TC_001_UserInfoTest" name="verifyUserInfoDisplay" time="21.708"/>
</testsuite> <!-- testCases.TC_001_UserInfoTest -->
