<?xml version="1.0" encoding="UTF-8"?>
<!-- Generated by org.testng.reporters.JUnitReportReporter -->
<testsuite hostname="LTIN487222" failures="0" tests="2" name="testCases.TC_005_VerifyWeekDetails" time="3.325" errors="0" timestamp="2024-04-02T15:13:51 IST" skipped="0">
  <testcase classname="testCases.TC_005_VerifyWeekDetails" name="comparingWeek" time="1.736"/>
  <testcase classname="testCases.TC_005_VerifyWeekDetails" name="comparingWeek" time="1.589"/>
</testsuite> <!-- testCases.TC_005_VerifyWeekDetails -->
