<?xml version="1.0" encoding="UTF-8"?>
<!-- Generated by org.testng.reporters.JUnitReportReporter -->
<testsuite hostname="LTIN487222" failures="0" tests="2" name="testCases.TC_004_ClickOnTruTime" time="1.463" errors="0" timestamp="2024-04-01T08:58:42 IST" skipped="0">
  <testcase classname="testCases.TC_004_ClickOnTruTime" name="verifyTruTime" time="0.769"/>
  <testcase classname="testCases.TC_004_ClickOnTruTime" name="verifyTruTime" time="0.694"/>
</testsuite> <!-- testCases.TC_004_ClickOnTruTime -->
