<?xml version="1.0" encoding="UTF-8"?>
<!-- Generated by org.testng.reporters.JUnitReportReporter -->
<testsuite hostname="LTIN487222" failures="0" tests="2" name="testCases.TC_004_ClickOnTruTime" time="0.854" errors="0" timestamp="2024-04-02T15:13:51 IST" skipped="0">
  <testcase classname="testCases.TC_004_ClickOnTruTime" name="verifyTruTime" time="0.455"/>
  <testcase classname="testCases.TC_004_ClickOnTruTime" name="verifyTruTime" time="0.399"/>
</testsuite> <!-- testCases.TC_004_ClickOnTruTime -->
