<?xml version="1.0" encoding="UTF-8"?>
<!-- Generated by org.testng.reporters.JUnitReportReporter -->
<testsuite hostname="LTIN487222" failures="0" tests="2" name="testCases.TC_009_VerifyLegends" time="0.101" errors="0" timestamp="2024-04-02T15:13:51 IST" skipped="0">
  <testcase classname="testCases.TC_009_VerifyLegends" name="verifyLast15Days" time="0.055"/>
  <testcase classname="testCases.TC_009_VerifyLegends" name="verifyLast15Days" time="0.046"/>
</testsuite> <!-- testCases.TC_009_VerifyLegends -->
