<?xml version="1.0" encoding="UTF-8"?>
<!-- Generated by org.testng.reporters.JUnitReportReporter -->
<testsuite hostname="LTIN487222" failures="0" tests="2" name="testCases.TC_001_UserInfoTest" time="50.101" errors="0" timestamp="2024-04-02T15:13:51 IST" skipped="0">
  <testcase classname="testCases.TC_001_UserInfoTest" name="verifyUserInfoDisplay" time="23.159"/>
  <testcase classname="testCases.TC_001_UserInfoTest" name="verifyUserInfoDisplay" time="26.942"/>
</testsuite> <!-- testCases.TC_001_UserInfoTest -->
