<?xml version="1.0" encoding="UTF-8"?>
<!-- Generated by org.testng.reporters.JUnitReportReporter -->
<testsuite hostname="LTIN487222" failures="0" tests="2" name="testCases.TC_006_VerifyCurrentDate" time="0.090" errors="0" timestamp="2024-04-02T15:13:51 IST" skipped="0">
  <testcase classname="testCases.TC_006_VerifyCurrentDate" name="verifyPresentDate" time="0.040"/>
  <testcase classname="testCases.TC_006_VerifyCurrentDate" name="verifyPresentDate" time="0.050"/>
</testsuite> <!-- testCases.TC_006_VerifyCurrentDate -->
