<?xml version="1.0" encoding="UTF-8"?>
<!-- Generated by org.testng.reporters.JUnitReportReporter -->
<testsuite hostname="LTIN487222" failures="0" tests="2" name="testCases.TC_008_VerifyBackDate" time="0.082" errors="0" timestamp="2024-04-01T08:58:42 IST" skipped="0">
  <testcase classname="testCases.TC_008_VerifyBackDate" name="verifyLast15Days" time="0.042"/>
  <testcase classname="testCases.TC_008_VerifyBackDate" name="verifyLast15Days" time="0.040"/>
</testsuite> <!-- testCases.TC_008_VerifyBackDate -->
