<?xml version="1.0" encoding="UTF-8"?>
<!-- Generated by org.testng.reporters.JUnitReportReporter -->
<testsuite hostname="LTIN487222" failures="0" tests="2" name="testCases.TC_006_VerifyCurrentDate" time="0.110" errors="0" timestamp="2024-04-01T08:58:42 IST" skipped="0">
  <testcase classname="testCases.TC_006_VerifyCurrentDate" name="verifyPresentDate" time="0.046"/>
  <testcase classname="testCases.TC_006_VerifyCurrentDate" name="verifyPresentDate" time="0.064"/>
</testsuite> <!-- testCases.TC_006_VerifyCurrentDate -->
