<?xml version="1.0" encoding="UTF-8"?>
<!-- Generated by org.testng.reporters.JUnitReportReporter -->
<testsuite hostname="LTIN487222" failures="0" tests="2" name="testCases.TC_003_InputBox" time="3.632" errors="0" timestamp="2024-04-02T15:13:51 IST" skipped="0">
  <testcase classname="testCases.TC_003_InputBox" name="enterInput" time="1.835"/>
  <testcase classname="testCases.TC_003_InputBox" name="enterInput" time="1.797"/>
</testsuite> <!-- testCases.TC_003_InputBox -->
